[2019-10-19T10:44:32.972] [INFO] default - Inside url should contains:metro-vendorcentral.com
[2019-10-19T10:44:33.092] [DEBUG] default - User {
  firstName: 'u07bn9gx',
  lastName: 'd7vssoof',
  email: 'autotest.metro+80404@gmail.com',
  userType: 'vendor' }
[2019-10-19T10:44:33.097] [DEBUG] default - Inside custom sendKeys
[2019-10-19T10:44:33.098] [INFO] default - Inside should be visable
[2019-10-19T10:44:33.310] [DEBUG] default - Element By(css selector, *[id="emailInput"]) is successfully entered text:admin@sms.com
[2019-10-19T10:44:33.312] [DEBUG] default - Inside custom sendKeys
[2019-10-19T10:44:33.314] [INFO] default - Inside should be visable
[2019-10-19T10:44:33.481] [DEBUG] default - Element By(css selector, *[id="passInput"]) is successfully entered text:admin
[2019-10-19T10:44:33.483] [DEBUG] default - Inside customClick
[2019-10-19T10:44:33.484] [INFO] default - Inside should be clickable
[2019-10-19T10:44:33.632] [DEBUG] default - Element By(css selector, *[id="submit_btn"]) is  clicked
[2019-10-19T10:44:33.639] [INFO] default - Inside should be clickable
[2019-10-19T10:44:33.640] [DEBUG] default - Inside customClick
[2019-10-19T10:44:33.642] [INFO] default - Inside should be clickable
[2019-10-19T10:44:38.730] [ERROR] default - { TimeoutError: Element By(css selector, li[data-section-name='suppliers'] .menu-text) is not clickable
Wait timed out after 5088ms
    at C:\Users\sromankov\WebstormProjects\TypeScriptBasics\node_modules\selenium-webdriver\lib\promise.js:2201:17
    at process._tickCallback (internal/process/next_tick.js:68:7) name: 'TimeoutError', remoteStacktrace: '' }
[2019-10-19T10:44:44.584] [DEBUG] default - Element By(css selector, li[data-section-name='suppliers'] .menu-text) is  clicked
[2019-10-19T10:44:44.586] [DEBUG] default - Inside customClick
[2019-10-19T10:44:44.587] [INFO] default - Inside should be clickable
[2019-10-19T10:44:45.221] [DEBUG] default - Element By(xpath, //a[@data-name='pages.users']) is  clicked
[2019-10-19T10:44:45.223] [DEBUG] default - Inside customClick
[2019-10-19T10:44:45.224] [INFO] default - Inside should be clickable
[2019-10-19T10:44:45.418] [DEBUG] default - Element By(css selector, button[href='/profiles/add']) is  clicked
[2019-10-19T10:44:45.420] [INFO] default - Inside should be visable
[2019-10-19T10:44:45.790] [DEBUG] default - Inside custom sendKeys
[2019-10-19T10:44:45.791] [INFO] default - Inside should be visable
[2019-10-19T10:44:46.013] [DEBUG] default - Element By(css selector, *[id="new_user_firstName"]) is successfully entered text:u07bn9gx
[2019-10-19T10:44:46.015] [DEBUG] default - Inside custom sendKeys
[2019-10-19T10:44:46.016] [INFO] default - Inside should be visable
[2019-10-19T10:44:46.206] [DEBUG] default - Element By(css selector, *[id="new_user_lastName"]) is successfully entered text:d7vssoof
[2019-10-19T10:44:46.207] [DEBUG] default - Inside custom sendKeys
[2019-10-19T10:44:46.210] [INFO] default - Inside should be visable
[2019-10-19T10:44:46.429] [DEBUG] default - Element By(css selector, *[id="new_user_email"]) is successfully entered text:autotest.metro+80404@gmail.com
[2019-10-19T10:44:46.430] [DEBUG] default - Inside customClick
[2019-10-19T10:44:46.431] [INFO] default - Inside should be clickable
[2019-10-19T10:44:46.589] [DEBUG] default - Element By(css selector, form[name='new_user'] .btn-success) is  clicked
[2019-10-19T10:46:49.245] [INFO] default - Inside url should contains:/#/
[2019-10-19T10:46:49.256] [DEBUG] default - In Test
[2019-10-19T10:46:49.257] [DEBUG] default - In method click plus button
[2019-10-19T10:46:49.259] [INFO] default - Inside should be clickable
[2019-10-19T10:46:49.903] [DEBUG] default - Inside customClick
[2019-10-19T10:46:49.904] [INFO] default - Inside should be clickable
[2019-10-19T10:46:50.131] [DEBUG] default - Element By(css selector, *[id="add-contact"]) is  clicked
[2019-10-19T10:46:51.664] [INFO] default - Inside url should contains:/#/
[2019-10-19T10:46:51.675] [DEBUG] default - In method click plus button
[2019-10-19T10:46:51.676] [INFO] default - Inside should be clickable
[2019-10-19T10:46:52.312] [DEBUG] default - Inside customClick
[2019-10-19T10:46:52.313] [INFO] default - Inside should be clickable
[2019-10-19T10:46:52.535] [DEBUG] default - Element By(css selector, *[id="add-contact"]) is  clicked
[2019-10-19T10:46:52.540] [INFO] default - Inside should be visable
[2019-10-19T10:46:53.139] [DEBUG] default - Inside custom sendKeys
[2019-10-19T10:46:53.140] [INFO] default - Inside should be visable
[2019-10-19T10:46:53.380] [DEBUG] default - Element By(css selector, #contact-name) is successfully entered text:Mr. Newton
[2019-10-19T10:46:53.381] [DEBUG] default - Inside custom sendKeys
[2019-10-19T10:46:53.382] [INFO] default - Inside should be visable
[2019-10-19T10:46:53.637] [DEBUG] default - Element By(css selector, #contact-email) is successfully entered text:mr.newton@example.com
[2019-10-19T10:46:57.533] [DEBUG] default - Inside customClick
[2019-10-19T10:46:57.534] [INFO] default - Inside should be clickable
[2019-10-19T10:46:58.287] [DEBUG] default - Element By(css selector, *[id="add-contact"]) is  clicked
[2019-10-19T10:46:58.288] [DEBUG] default - Inside custom sendKeys
[2019-10-19T10:46:58.289] [INFO] default - Inside should be visable
[2019-10-19T10:46:59.016] [DEBUG] default - Element By(css selector, #contact-name) is successfully entered text:Bad Email
[2019-10-19T10:46:59.017] [INFO] default - Inside should be visable
[2019-10-19T10:46:59.178] [INFO] default - Inside should be clickable
[2019-10-19T10:49:59.517] [INFO] default - Inside url should contains:/#/
[2019-10-19T10:49:59.528] [DEBUG] default - In Test
[2019-10-19T10:49:59.529] [DEBUG] default - In method click plus button
[2019-10-19T10:49:59.530] [INFO] default - Inside should be clickable
[2019-10-19T10:50:00.169] [DEBUG] default - Inside customClick
[2019-10-19T10:50:00.171] [INFO] default - Inside should be clickable
[2019-10-19T10:50:00.391] [DEBUG] default - Element By(css selector, *[id="add-contact"]) is  clicked
[2019-10-19T10:50:01.968] [INFO] default - Inside url should contains:/#/
[2019-10-19T10:50:01.980] [DEBUG] default - In method click plus button
[2019-10-19T10:50:01.981] [INFO] default - Inside should be clickable
[2019-10-19T10:50:02.518] [DEBUG] default - Inside customClick
[2019-10-19T10:50:02.519] [INFO] default - Inside should be clickable
[2019-10-19T10:50:02.736] [DEBUG] default - Element By(css selector, *[id="add-contact"]) is  clicked
[2019-10-19T10:50:02.741] [INFO] default - Inside should be visable
[2019-10-19T10:50:03.347] [DEBUG] default - Inside custom sendKeys
[2019-10-19T10:50:03.349] [INFO] default - Inside should be visable
[2019-10-19T10:50:03.593] [DEBUG] default - Element By(css selector, #contact-name) is successfully entered text:Mr. Newton
[2019-10-19T10:50:03.594] [DEBUG] default - Inside custom sendKeys
[2019-10-19T10:50:03.595] [INFO] default - Inside should be visable
[2019-10-19T10:50:03.842] [DEBUG] default - Element By(css selector, #contact-email) is successfully entered text:mr.newton@example.com
[2019-10-19T10:50:08.366] [DEBUG] default - Inside customClick
[2019-10-19T10:50:08.367] [INFO] default - Inside should be clickable
[2019-10-19T10:50:09.114] [DEBUG] default - Element By(css selector, *[id="add-contact"]) is  clicked
[2019-10-19T10:50:09.115] [DEBUG] default - Inside custom sendKeys
[2019-10-19T10:50:09.116] [INFO] default - Inside should be visable
[2019-10-19T10:50:09.875] [DEBUG] default - Element By(css selector, #contact-name) is successfully entered text:Bad Email
[2019-10-19T10:50:09.876] [INFO] default - Inside should be visable
[2019-10-19T10:50:10.063] [INFO] default - Inside should be clickable
[2019-10-19T20:56:33.513] [INFO] default - Inside url should contains:/#/
[2019-10-19T20:56:33.524] [DEBUG] default - In Test
[2019-10-19T20:56:33.525] [DEBUG] default - In method click plus button
[2019-10-19T20:56:33.526] [INFO] default - Inside should be clickable
[2019-10-19T20:56:34.155] [DEBUG] default - Inside customClick
[2019-10-19T20:56:34.156] [INFO] default - Inside should be clickable
[2019-10-19T20:56:34.344] [DEBUG] default - Element By(css selector, *[id="add-contact"]) is  clicked
[2019-10-19T20:56:35.751] [INFO] default - Inside url should contains:/#/
[2019-10-19T20:56:35.762] [DEBUG] default - In method click plus button
[2019-10-19T20:56:35.763] [INFO] default - Inside should be clickable
[2019-10-19T20:56:36.387] [DEBUG] default - Inside customClick
[2019-10-19T20:56:36.388] [INFO] default - Inside should be clickable
[2019-10-19T20:56:36.567] [DEBUG] default - Element By(css selector, *[id="add-contact"]) is  clicked
[2019-10-19T20:56:36.576] [INFO] default - Inside should be visable
[2019-10-19T20:56:37.163] [DEBUG] default - Inside custom sendKeys
[2019-10-19T20:56:37.164] [INFO] default - Inside should be visable
[2019-10-19T20:56:37.371] [DEBUG] default - Element By(css selector, #contact-name) is successfully entered text:Mr. Newton
[2019-10-19T20:56:37.372] [DEBUG] default - Inside custom sendKeys
[2019-10-19T20:56:37.373] [INFO] default - Inside should be visable
[2019-10-19T20:56:37.625] [DEBUG] default - Element By(css selector, #contact-email) is successfully entered text:mr.newton@example.com
[2019-10-19T20:56:41.614] [DEBUG] default - Inside customClick
[2019-10-19T20:56:41.616] [INFO] default - Inside should be clickable
[2019-10-19T20:56:42.245] [DEBUG] default - Element By(css selector, *[id="add-contact"]) is  clicked
[2019-10-19T20:56:42.246] [DEBUG] default - Inside custom sendKeys
[2019-10-19T20:56:42.247] [INFO] default - Inside should be visable
[2019-10-19T20:56:42.974] [DEBUG] default - Element By(css selector, #contact-name) is successfully entered text:Bad Email
[2019-10-19T20:56:42.975] [INFO] default - Inside should be visable
[2019-10-19T20:56:43.133] [INFO] default - Inside should be clickable
[2019-10-19T20:59:58.357] [INFO] default - Inside url should contains:/#/
[2019-10-19T20:59:58.368] [DEBUG] default - In Test
[2019-10-19T20:59:58.369] [DEBUG] default - In method click plus button
[2019-10-19T20:59:58.371] [INFO] default - Inside should be clickable
[2019-10-19T20:59:58.903] [DEBUG] default - Inside customClick
[2019-10-19T20:59:58.904] [INFO] default - Inside should be clickable
[2019-10-19T20:59:59.088] [DEBUG] default - Element By(css selector, *[id="add-contact"]) is  clicked
[2019-10-19T21:00:00.528] [INFO] default - Inside url should contains:/#/
[2019-10-19T21:00:00.538] [DEBUG] default - In method click plus button
[2019-10-19T21:00:00.539] [INFO] default - Inside should be clickable
[2019-10-19T21:00:01.166] [DEBUG] default - Inside customClick
[2019-10-19T21:00:01.167] [INFO] default - Inside should be clickable
[2019-10-19T21:00:01.352] [DEBUG] default - Element By(css selector, *[id="add-contact"]) is  clicked
[2019-10-19T21:00:01.358] [INFO] default - Inside should be visable
[2019-10-19T21:00:01.947] [DEBUG] default - Inside custom sendKeys
[2019-10-19T21:00:01.948] [INFO] default - Inside should be visable
[2019-10-19T21:00:02.152] [DEBUG] default - Element By(css selector, #contact-name) is successfully entered text:Mr. Newton
[2019-10-19T21:00:02.154] [DEBUG] default - Inside custom sendKeys
[2019-10-19T21:00:02.154] [INFO] default - Inside should be visable
[2019-10-19T21:00:02.423] [DEBUG] default - Element By(css selector, #contact-email) is successfully entered text:mr.newton@example.com
[2019-10-19T21:00:06.882] [DEBUG] default - Inside customClick
[2019-10-19T21:00:06.884] [INFO] default - Inside should be clickable
[2019-10-19T21:00:07.507] [DEBUG] default - Element By(css selector, *[id="add-contact"]) is  clicked
[2019-10-19T21:00:07.509] [DEBUG] default - Inside custom sendKeys
[2019-10-19T21:00:07.510] [INFO] default - Inside should be visable
[2019-10-19T21:00:08.234] [DEBUG] default - Element By(css selector, #contact-name) is successfully entered text:Bad Email
[2019-10-19T21:00:08.235] [INFO] default - Inside should be visable
[2019-10-19T21:00:08.413] [INFO] default - Inside should be clickable
[2019-10-19T21:01:06.053] [INFO] default - Inside url should contains:/#/
[2019-10-19T21:01:06.066] [DEBUG] default - In Test
[2019-10-19T21:01:06.068] [DEBUG] default - In method click plus button
[2019-10-19T21:01:06.069] [INFO] default - Inside should be clickable
[2019-10-19T21:01:06.701] [DEBUG] default - Inside customClick
[2019-10-19T21:01:06.702] [INFO] default - Inside should be clickable
[2019-10-19T21:01:06.893] [DEBUG] default - Element By(css selector, *[id="add-contact"]) is  clicked
[2019-10-19T21:01:08.398] [INFO] default - Inside url should contains:/#/
[2019-10-19T21:01:08.409] [DEBUG] default - In method click plus button
[2019-10-19T21:01:08.410] [INFO] default - Inside should be clickable
[2019-10-19T21:01:08.950] [DEBUG] default - Inside customClick
[2019-10-19T21:01:08.953] [INFO] default - Inside should be clickable
[2019-10-19T21:01:09.146] [DEBUG] default - Element By(css selector, *[id="add-contact"]) is  clicked
[2019-10-19T21:01:09.152] [INFO] default - Inside should be visable
[2019-10-19T21:01:09.752] [DEBUG] default - Inside custom sendKeys
[2019-10-19T21:01:09.753] [INFO] default - Inside should be visable
[2019-10-19T21:01:09.970] [DEBUG] default - Element By(css selector, #contact-name) is successfully entered text:Mr. Newton
[2019-10-19T21:01:09.971] [DEBUG] default - Inside custom sendKeys
[2019-10-19T21:01:09.972] [INFO] default - Inside should be visable
[2019-10-19T21:01:10.207] [DEBUG] default - Element By(css selector, #contact-email) is successfully entered text:mr.newton@example.com
[2019-10-19T21:01:14.053] [DEBUG] default - Inside customClick
[2019-10-19T21:01:14.054] [INFO] default - Inside should be clickable
[2019-10-19T21:01:14.777] [DEBUG] default - Element By(css selector, *[id="add-contact"]) is  clicked
[2019-10-19T21:01:14.779] [DEBUG] default - Inside custom sendKeys
[2019-10-19T21:01:14.780] [INFO] default - Inside should be visable
[2019-10-19T21:01:15.511] [DEBUG] default - Element By(css selector, #contact-name) is successfully entered text:Bad Email
[2019-10-19T21:01:15.513] [INFO] default - Inside should be visable
[2019-10-19T21:01:15.672] [INFO] default - Inside should be clickable
